0 info it worked if it ends with ok
1 verbose cli [ '/Users/zhengyangqiao/.nvm/versions/node/v6.12.0/bin/node',
1 verbose cli   '/Users/zhengyangqiao/.nvm/versions/node/v6.12.0/bin/npm',
1 verbose cli   'start' ]
2 info using npm@3.10.10
3 info using node@v6.12.0
4 verbose run-script [ 'prestart', 'start', 'poststart' ]
5 info lifecycle hmr-dev-environment@1.0.0~prestart: hmr-dev-environment@1.0.0
6 silly lifecycle hmr-dev-environment@1.0.0~prestart: no script for prestart, continuing
7 info lifecycle hmr-dev-environment@1.0.0~start: hmr-dev-environment@1.0.0
8 verbose lifecycle hmr-dev-environment@1.0.0~start: unsafe-perm in lifecycle true
9 verbose lifecycle hmr-dev-environment@1.0.0~start: PATH: /Users/zhengyangqiao/.nvm/versions/node/v6.12.0/lib/node_modules/npm/bin/node-gyp-bin:/Users/zhengyangqiao/Desktop/Blog Projects/HMR Dev Environment/node_modules/.bin:/Users/zhengyangqiao/Library/Python/3.6/bin:/usr/local/cuda/bin:/usr/local/opt/libxml2/bin:/Users/zhengyangqiao/Downloads/gradle-3.3/bin/:core/target/appassembler/bin/:/opt/apache-maven-3.3.9/bin:/Users/zhengyangqiao/.nvm/versions/node/v6.12.0/bin:/Users/zhengyangqiao/.npm-packages/bin:/Users/zhengyangqiao/anaconda/bin:/usr/local/bin:/usr/local/sbin:/usr/local/npm/bin:/Users/zhengyangqiao/bin:/usr/local/bin:/Library/Frameworks/Python.framework/Versions/3.6/bin:/usr/local/bin:/usr/bin:/bin:/usr/sbin:/sbin:/opt/X11/bin:/usr/local/aria2/bin:/Users/zhengyangqiao/Library/Python/3.6/bin:/usr/local/cuda/bin:/usr/local/opt/libxml2/bin:/Users/zhengyangqiao/Downloads/gradle-3.3/bin/:core/target/appassembler/bin/:/opt/apache-maven-3.3.9/bin:/Users/zhengyangqiao/.npm-packages/bin:/Users/zhengyangqiao/anaconda/bin:/usr/local/sbin:/usr/local/npm/bin:/Users/zhengyangqiao/bin:/Library/Frameworks/Python.framework/Versions/3.6/bin:/Users/zhengyangqiao/Library/Android/sdk/tools:/Users/zhengyangqiao/Library/Android/sdk/platform-tools:/Users/zhengyangqiao/Library/Android/sdk/ndk-bundle:/Users/zhengyangqiao/Library/Android/sdk/tools:/Users/zhengyangqiao/Library/Android/sdk/platform-tools:/Users/zhengyangqiao/Library/Android/sdk/ndk-bundle
10 verbose lifecycle hmr-dev-environment@1.0.0~start: CWD: /Users/zhengyangqiao/Desktop/Blog Projects/HMR Dev Environment
11 silly lifecycle hmr-dev-environment@1.0.0~start: Args: [ '-c', 'webpack-dev-server' ]
12 silly lifecycle hmr-dev-environment@1.0.0~start: Returned: code: 1  signal: null
13 info lifecycle hmr-dev-environment@1.0.0~start: Failed to exec start script
14 verbose stack Error: hmr-dev-environment@1.0.0 start: `webpack-dev-server`
14 verbose stack Exit status 1
14 verbose stack     at EventEmitter.<anonymous> (/Users/zhengyangqiao/.nvm/versions/node/v6.12.0/lib/node_modules/npm/lib/utils/lifecycle.js:255:16)
14 verbose stack     at emitTwo (events.js:106:13)
14 verbose stack     at EventEmitter.emit (events.js:191:7)
14 verbose stack     at ChildProcess.<anonymous> (/Users/zhengyangqiao/.nvm/versions/node/v6.12.0/lib/node_modules/npm/lib/utils/spawn.js:40:14)
14 verbose stack     at emitTwo (events.js:106:13)
14 verbose stack     at ChildProcess.emit (events.js:191:7)
14 verbose stack     at maybeClose (internal/child_process.js:920:16)
14 verbose stack     at Process.ChildProcess._handle.onexit (internal/child_process.js:230:5)
15 verbose pkgid hmr-dev-environment@1.0.0
16 verbose cwd /Users/zhengyangqiao/Desktop/Blog Projects/HMR Dev Environment
17 error Darwin 16.7.0
18 error argv "/Users/zhengyangqiao/.nvm/versions/node/v6.12.0/bin/node" "/Users/zhengyangqiao/.nvm/versions/node/v6.12.0/bin/npm" "start"
19 error node v6.12.0
20 error npm  v3.10.10
21 error code ELIFECYCLE
22 error hmr-dev-environment@1.0.0 start: `webpack-dev-server`
22 error Exit status 1
23 error Failed at the hmr-dev-environment@1.0.0 start script 'webpack-dev-server'.
23 error Make sure you have the latest version of node.js and npm installed.
23 error If you do, this is most likely a problem with the hmr-dev-environment package,
23 error not with npm itself.
23 error Tell the author that this fails on your system:
23 error     webpack-dev-server
23 error You can get information on how to open an issue for this project with:
23 error     npm bugs hmr-dev-environment
23 error Or if that isn't available, you can get their info via:
23 error     npm owner ls hmr-dev-environment
23 error There is likely additional logging output above.
24 verbose exit [ 1, true ]
